[2015-11-25 18:16:59] myapp.ERROR: Symfony\Component\HttpKernel\Exception\NotFoundHttpException: No route found for "GET /" (uncaught exception) at /home/jimmy/Documents/ProjectPHP/p2bj/p2bj/vendor/symfony/http-kernel/EventListener/RouterListener.php line 159 {"exception":"[object] (Symfony\\Component\\HttpKernel\\Exception\\NotFoundHttpException(code: 0): No route found for \"GET /\" at /home/jimmy/Documents/ProjectPHP/p2bj/p2bj/vendor/symfony/http-kernel/EventListener/RouterListener.php:159, Symfony\\Component\\Routing\\Exception\\ResourceNotFoundException(code: 0): No routes found for \"/\". at /home/jimmy/Documents/ProjectPHP/p2bj/p2bj/vendor/symfony/routing/Matcher/UrlMatcher.php:98)"} []
[2015-11-25 18:16:59] myapp.DEBUG: Notified event "kernel.exception" to listener "Symfony\Component\HttpKernel\EventListener\ProfilerListener::onKernelException". [] []
[2015-11-25 18:16:59] myapp.DEBUG: Notified event "kernel.exception" to listener "Silex\EventListener\LogListener::onKernelException". [] []
[2015-11-25 18:16:59] myapp.DEBUG: Notified event "kernel.exception" to listener "Silex\ExceptionHandler::onSilexError". [] []
[2015-11-25 18:16:59] myapp.DEBUG: Listener "Silex\ExceptionHandler::onSilexError" stopped propagation of the event "kernel.exception". [] []
[2015-11-25 18:16:59] myapp.INFO: < 404 [] []
[2015-11-25 18:16:59] myapp.DEBUG: Notified event "kernel.response" to listener "Silex\EventListener\MiddlewareListener::onKernelResponse". [] []
[2015-11-25 18:16:59] myapp.DEBUG: Notified event "kernel.response" to listener "Symfony\Component\HttpKernel\EventListener\ResponseListener::onKernelResponse". [] []
[2015-11-25 18:16:59] myapp.DEBUG: Notified event "kernel.response" to listener "Silex\EventListener\LogListener::onKernelResponse". [] []
[2015-11-25 18:16:59] myapp.DEBUG: Notified event "kernel.response" to listener "Symfony\Component\HttpKernel\EventListener\ProfilerListener::onKernelResponse". [] []
[2015-11-25 18:16:59] myapp.DEBUG: Notified event "kernel.response" to listener "Symfony\Bundle\WebProfilerBundle\EventListener\WebDebugToolbarListener::onKernelResponse". [] []
[2015-11-25 18:16:59] myapp.DEBUG: Notified event "kernel.finish_request" to listener "Symfony\Component\HttpKernel\EventListener\RouterListener::onKernelFinishRequest". [] []
[2015-11-25 18:16:59] myapp.DEBUG: Notified event "kernel.finish_request" to listener "Silex\EventListener\LocaleListener::onKernelFinishRequest". [] []
[2015-11-25 18:16:59] myapp.DEBUG: Notified event "kernel.terminate" to listener "Symfony\Component\HttpKernel\EventListener\ProfilerListener::onKernelTerminate". [] []
[2015-11-25 18:16:59] myapp.INFO: Matched route "_wdt". {"route_parameters":{"_controller":"web_profiler.controller.profiler:toolbarAction","token":"d21b62","_route":"_wdt"},"request_uri":"http://localhost:4321/_profiler/wdt/d21b62"} []
[2015-11-25 18:16:59] myapp.INFO: > GET /_profiler/wdt/d21b62 [] []
[2015-11-25 18:16:59] myapp.DEBUG: Notified event "kernel.request" to listener "Symfony\Component\HttpKernel\EventListener\ProfilerListener::onKernelRequest". [] []
[2015-11-25 18:16:59] myapp.DEBUG: Notified event "kernel.request" to listener "Silex\Provider\SessionServiceProvider::onEarlyKernelRequest". [] []
[2015-11-25 18:16:59] myapp.DEBUG: Notified event "kernel.request" to listener "Symfony\Component\HttpKernel\EventListener\FragmentListener::onKernelRequest". [] []
[2015-11-25 18:16:59] myapp.DEBUG: Notified event "kernel.request" to listener "Symfony\Component\HttpKernel\EventListener\RouterListener::onKernelRequest". [] []
[2015-11-25 18:16:59] myapp.DEBUG: Notified event "kernel.request" to listener "Silex\EventListener\LocaleListener::onKernelRequest". [] []
[2015-11-25 18:16:59] myapp.DEBUG: Notified event "kernel.request" to listener "Silex\EventListener\LogListener::onKernelRequest". [] []
[2015-11-25 18:16:59] myapp.DEBUG: Notified event "kernel.request" to listener "Silex\EventListener\MiddlewareListener::onKernelRequest". [] []
[2015-11-25 18:16:59] myapp.DEBUG: Notified event "kernel.controller" to listener "Silex\EventListener\ConverterListener::onKernelController". [] []
[2015-11-25 18:16:59] myapp.DEBUG: Notified event "kernel.controller" to listener "Symfony\Component\HttpKernel\DataCollector\RequestDataCollector::onKernelController". [] []
[2015-11-25 18:17:00] myapp.INFO: < 200 [] []
[2015-11-25 18:17:00] myapp.DEBUG: Notified event "kernel.response" to listener "Silex\EventListener\MiddlewareListener::onKernelResponse". [] []
[2015-11-25 18:17:00] myapp.DEBUG: Notified event "kernel.response" to listener "Symfony\Component\HttpKernel\EventListener\ResponseListener::onKernelResponse". [] []
[2015-11-25 18:17:00] myapp.DEBUG: Notified event "kernel.response" to listener "Silex\EventListener\LogListener::onKernelResponse". [] []
[2015-11-25 18:17:00] myapp.DEBUG: Notified event "kernel.response" to listener "Symfony\Component\HttpKernel\EventListener\ProfilerListener::onKernelResponse". [] []
[2015-11-25 18:17:00] myapp.DEBUG: Notified event "kernel.response" to listener "Symfony\Bundle\WebProfilerBundle\EventListener\WebDebugToolbarListener::onKernelResponse". [] []
[2015-11-25 18:17:00] myapp.DEBUG: Notified event "kernel.finish_request" to listener "Symfony\Component\HttpKernel\EventListener\RouterListener::onKernelFinishRequest". [] []
[2015-11-25 18:17:00] myapp.DEBUG: Notified event "kernel.finish_request" to listener "Silex\EventListener\LocaleListener::onKernelFinishRequest". [] []
[2015-11-25 18:17:00] myapp.DEBUG: Notified event "kernel.terminate" to listener "Symfony\Component\HttpKernel\EventListener\ProfilerListener::onKernelTerminate". [] []
[2015-11-25 18:27:37] myapp.ERROR: Symfony\Component\HttpKernel\Exception\NotFoundHttpException: No route found for "GET /" (uncaught exception) at /home/jimmy/Documents/ProjectPHP/p2bj/p2bj/vendor/symfony/http-kernel/EventListener/RouterListener.php line 159 {"exception":"[object] (Symfony\\Component\\HttpKernel\\Exception\\NotFoundHttpException(code: 0): No route found for \"GET /\" at /home/jimmy/Documents/ProjectPHP/p2bj/p2bj/vendor/symfony/http-kernel/EventListener/RouterListener.php:159, Symfony\\Component\\Routing\\Exception\\ResourceNotFoundException(code: 0): No routes found for \"/\". at /home/jimmy/Documents/ProjectPHP/p2bj/p2bj/vendor/symfony/routing/Matcher/UrlMatcher.php:98)"} []
[2015-11-25 18:27:37] myapp.DEBUG: Notified event "kernel.exception" to listener "Symfony\Component\HttpKernel\EventListener\ProfilerListener::onKernelException". [] []
[2015-11-25 18:27:37] myapp.DEBUG: Notified event "kernel.exception" to listener "Silex\EventListener\LogListener::onKernelException". [] []
[2015-11-25 18:27:37] myapp.DEBUG: Notified event "kernel.exception" to listener "Silex\ExceptionHandler::onSilexError". [] []
[2015-11-25 18:27:37] myapp.DEBUG: Listener "Silex\ExceptionHandler::onSilexError" stopped propagation of the event "kernel.exception". [] []
[2015-11-25 18:27:37] myapp.INFO: < 404 [] []
[2015-11-25 18:27:37] myapp.DEBUG: Notified event "kernel.response" to listener "Silex\EventListener\MiddlewareListener::onKernelResponse". [] []
[2015-11-25 18:27:37] myapp.DEBUG: Notified event "kernel.response" to listener "Symfony\Component\HttpKernel\EventListener\ResponseListener::onKernelResponse". [] []
[2015-11-25 18:27:37] myapp.DEBUG: Notified event "kernel.response" to listener "Silex\EventListener\LogListener::onKernelResponse". [] []
[2015-11-25 18:27:37] myapp.DEBUG: Notified event "kernel.response" to listener "Symfony\Component\HttpKernel\EventListener\ProfilerListener::onKernelResponse". [] []
[2015-11-25 18:27:37] myapp.DEBUG: Notified event "kernel.response" to listener "Symfony\Bundle\WebProfilerBundle\EventListener\WebDebugToolbarListener::onKernelResponse". [] []
[2015-11-25 18:27:37] myapp.DEBUG: Notified event "kernel.finish_request" to listener "Symfony\Component\HttpKernel\EventListener\RouterListener::onKernelFinishRequest". [] []
[2015-11-25 18:27:37] myapp.DEBUG: Notified event "kernel.finish_request" to listener "Silex\EventListener\LocaleListener::onKernelFinishRequest". [] []
[2015-11-25 18:27:37] myapp.DEBUG: Notified event "kernel.terminate" to listener "Symfony\Component\HttpKernel\EventListener\ProfilerListener::onKernelTerminate". [] []
[2015-11-25 18:27:37] myapp.INFO: Matched route "_wdt". {"route_parameters":{"_controller":"web_profiler.controller.profiler:toolbarAction","token":"07b6d9","_route":"_wdt"},"request_uri":"http://localhost:4321/_profiler/wdt/07b6d9"} []
[2015-11-25 18:27:37] myapp.INFO: > GET /_profiler/wdt/07b6d9 [] []
[2015-11-25 18:27:37] myapp.DEBUG: Notified event "kernel.request" to listener "Symfony\Component\HttpKernel\EventListener\ProfilerListener::onKernelRequest". [] []
[2015-11-25 18:27:37] myapp.DEBUG: Notified event "kernel.request" to listener "Silex\Provider\SessionServiceProvider::onEarlyKernelRequest". [] []
[2015-11-25 18:27:37] myapp.DEBUG: Notified event "kernel.request" to listener "Symfony\Component\HttpKernel\EventListener\FragmentListener::onKernelRequest". [] []
[2015-11-25 18:27:37] myapp.DEBUG: Notified event "kernel.request" to listener "Symfony\Component\HttpKernel\EventListener\RouterListener::onKernelRequest". [] []
[2015-11-25 18:27:37] myapp.DEBUG: Notified event "kernel.request" to listener "Silex\EventListener\LocaleListener::onKernelRequest". [] []
[2015-11-25 18:27:37] myapp.DEBUG: Notified event "kernel.request" to listener "Silex\EventListener\LogListener::onKernelRequest". [] []
[2015-11-25 18:27:37] myapp.DEBUG: Notified event "kernel.request" to listener "Silex\EventListener\MiddlewareListener::onKernelRequest". [] []
[2015-11-25 18:27:37] myapp.DEBUG: Notified event "kernel.controller" to listener "Silex\EventListener\ConverterListener::onKernelController". [] []
[2015-11-25 18:27:37] myapp.DEBUG: Notified event "kernel.controller" to listener "Symfony\Component\HttpKernel\DataCollector\RequestDataCollector::onKernelController". [] []
[2015-11-25 18:27:37] myapp.INFO: < 200 [] []
[2015-11-25 18:27:37] myapp.DEBUG: Notified event "kernel.response" to listener "Silex\EventListener\MiddlewareListener::onKernelResponse". [] []
[2015-11-25 18:27:37] myapp.DEBUG: Notified event "kernel.response" to listener "Symfony\Component\HttpKernel\EventListener\ResponseListener::onKernelResponse". [] []
[2015-11-25 18:27:37] myapp.DEBUG: Notified event "kernel.response" to listener "Silex\EventListener\LogListener::onKernelResponse". [] []
[2015-11-25 18:27:37] myapp.DEBUG: Notified event "kernel.response" to listener "Symfony\Component\HttpKernel\EventListener\ProfilerListener::onKernelResponse". [] []
[2015-11-25 18:27:37] myapp.DEBUG: Notified event "kernel.response" to listener "Symfony\Bundle\WebProfilerBundle\EventListener\WebDebugToolbarListener::onKernelResponse". [] []
[2015-11-25 18:27:37] myapp.DEBUG: Notified event "kernel.finish_request" to listener "Symfony\Component\HttpKernel\EventListener\RouterListener::onKernelFinishRequest". [] []
[2015-11-25 18:27:37] myapp.DEBUG: Notified event "kernel.finish_request" to listener "Silex\EventListener\LocaleListener::onKernelFinishRequest". [] []
[2015-11-25 18:27:37] myapp.DEBUG: Notified event "kernel.terminate" to listener "Symfony\Component\HttpKernel\EventListener\ProfilerListener::onKernelTerminate". [] []
[2015-11-25 18:34:49] myapp.ERROR: Symfony\Component\HttpKernel\Exception\NotFoundHttpException: No route found for "GET /" (uncaught exception) at /home/jimmy/Documents/ProjectPHP/p2bj/p2bj/vendor/symfony/http-kernel/EventListener/RouterListener.php line 159 {"exception":"[object] (Symfony\\Component\\HttpKernel\\Exception\\NotFoundHttpException(code: 0): No route found for \"GET /\" at /home/jimmy/Documents/ProjectPHP/p2bj/p2bj/vendor/symfony/http-kernel/EventListener/RouterListener.php:159, Symfony\\Component\\Routing\\Exception\\ResourceNotFoundException(code: 0): No routes found for \"/\". at /home/jimmy/Documents/ProjectPHP/p2bj/p2bj/vendor/symfony/routing/Matcher/UrlMatcher.php:98)"} []
[2015-11-25 18:34:49] myapp.DEBUG: Notified event "kernel.exception" to listener "Symfony\Component\HttpKernel\EventListener\ProfilerListener::onKernelException". [] []
[2015-11-25 18:34:49] myapp.DEBUG: Notified event "kernel.exception" to listener "Silex\EventListener\LogListener::onKernelException". [] []
[2015-11-25 18:34:49] myapp.DEBUG: Notified event "kernel.exception" to listener "Silex\ExceptionHandler::onSilexError". [] []
[2015-11-25 18:34:49] myapp.DEBUG: Listener "Silex\ExceptionHandler::onSilexError" stopped propagation of the event "kernel.exception". [] []
[2015-11-25 18:34:49] myapp.INFO: < 404 [] []
[2015-11-25 18:34:49] myapp.DEBUG: Notified event "kernel.response" to listener "Silex\EventListener\MiddlewareListener::onKernelResponse". [] []
[2015-11-25 18:34:49] myapp.DEBUG: Notified event "kernel.response" to listener "Symfony\Component\HttpKernel\EventListener\ResponseListener::onKernelResponse". [] []
[2015-11-25 18:34:49] myapp.DEBUG: Notified event "kernel.response" to listener "Silex\EventListener\LogListener::onKernelResponse". [] []
[2015-11-25 18:34:49] myapp.DEBUG: Notified event "kernel.response" to listener "Symfony\Component\HttpKernel\EventListener\ProfilerListener::onKernelResponse". [] []
[2015-11-25 18:34:49] myapp.DEBUG: Notified event "kernel.response" to listener "Symfony\Bundle\WebProfilerBundle\EventListener\WebDebugToolbarListener::onKernelResponse". [] []
[2015-11-25 18:34:49] myapp.DEBUG: Notified event "kernel.finish_request" to listener "Symfony\Component\HttpKernel\EventListener\RouterListener::onKernelFinishRequest". [] []
[2015-11-25 18:34:49] myapp.DEBUG: Notified event "kernel.finish_request" to listener "Silex\EventListener\LocaleListener::onKernelFinishRequest". [] []
[2015-11-25 18:34:49] myapp.DEBUG: Notified event "kernel.terminate" to listener "Symfony\Component\HttpKernel\EventListener\ProfilerListener::onKernelTerminate". [] []
[2015-11-25 18:34:49] myapp.INFO: Matched route "_wdt". {"route_parameters":{"_controller":"web_profiler.controller.profiler:toolbarAction","token":"e14b87","_route":"_wdt"},"request_uri":"http://localhost:4321/_profiler/wdt/e14b87"} []
[2015-11-25 18:34:49] myapp.INFO: > GET /_profiler/wdt/e14b87 [] []
[2015-11-25 18:34:49] myapp.DEBUG: Notified event "kernel.request" to listener "Symfony\Component\HttpKernel\EventListener\ProfilerListener::onKernelRequest". [] []
[2015-11-25 18:34:49] myapp.DEBUG: Notified event "kernel.request" to listener "Silex\Provider\SessionServiceProvider::onEarlyKernelRequest". [] []
[2015-11-25 18:34:49] myapp.DEBUG: Notified event "kernel.request" to listener "Symfony\Component\HttpKernel\EventListener\FragmentListener::onKernelRequest". [] []
[2015-11-25 18:34:49] myapp.DEBUG: Notified event "kernel.request" to listener "Symfony\Component\HttpKernel\EventListener\RouterListener::onKernelRequest". [] []
[2015-11-25 18:34:49] myapp.DEBUG: Notified event "kernel.request" to listener "Silex\EventListener\LocaleListener::onKernelRequest". [] []
[2015-11-25 18:34:49] myapp.DEBUG: Notified event "kernel.request" to listener "Silex\EventListener\LogListener::onKernelRequest". [] []
[2015-11-25 18:34:49] myapp.DEBUG: Notified event "kernel.request" to listener "Silex\EventListener\MiddlewareListener::onKernelRequest". [] []
[2015-11-25 18:34:49] myapp.DEBUG: Notified event "kernel.controller" to listener "Silex\EventListener\ConverterListener::onKernelController". [] []
[2015-11-25 18:34:49] myapp.DEBUG: Notified event "kernel.controller" to listener "Symfony\Component\HttpKernel\DataCollector\RequestDataCollector::onKernelController". [] []
[2015-11-25 18:34:49] myapp.INFO: < 200 [] []
[2015-11-25 18:34:49] myapp.DEBUG: Notified event "kernel.response" to listener "Silex\EventListener\MiddlewareListener::onKernelResponse". [] []
[2015-11-25 18:34:49] myapp.DEBUG: Notified event "kernel.response" to listener "Symfony\Component\HttpKernel\EventListener\ResponseListener::onKernelResponse". [] []
[2015-11-25 18:34:49] myapp.DEBUG: Notified event "kernel.response" to listener "Silex\EventListener\LogListener::onKernelResponse". [] []
[2015-11-25 18:34:49] myapp.DEBUG: Notified event "kernel.response" to listener "Symfony\Component\HttpKernel\EventListener\ProfilerListener::onKernelResponse". [] []
[2015-11-25 18:34:49] myapp.DEBUG: Notified event "kernel.response" to listener "Symfony\Bundle\WebProfilerBundle\EventListener\WebDebugToolbarListener::onKernelResponse". [] []
[2015-11-25 18:34:49] myapp.DEBUG: Notified event "kernel.finish_request" to listener "Symfony\Component\HttpKernel\EventListener\RouterListener::onKernelFinishRequest". [] []
[2015-11-25 18:34:49] myapp.DEBUG: Notified event "kernel.finish_request" to listener "Silex\EventListener\LocaleListener::onKernelFinishRequest". [] []
[2015-11-25 18:34:49] myapp.DEBUG: Notified event "kernel.terminate" to listener "Symfony\Component\HttpKernel\EventListener\ProfilerListener::onKernelTerminate". [] []
[2015-11-25 18:39:13] myapp.ERROR: Symfony\Component\HttpKernel\Exception\NotFoundHttpException: No route found for "GET /" (uncaught exception) at /home/jimmy/Documents/ProjectPHP/p2bj/p2bj/vendor/symfony/http-kernel/EventListener/RouterListener.php line 159 {"exception":"[object] (Symfony\\Component\\HttpKernel\\Exception\\NotFoundHttpException(code: 0): No route found for \"GET /\" at /home/jimmy/Documents/ProjectPHP/p2bj/p2bj/vendor/symfony/http-kernel/EventListener/RouterListener.php:159, Symfony\\Component\\Routing\\Exception\\ResourceNotFoundException(code: 0): No routes found for \"/\". at /home/jimmy/Documents/ProjectPHP/p2bj/p2bj/vendor/symfony/routing/Matcher/UrlMatcher.php:98)"} []
[2015-11-25 18:39:13] myapp.DEBUG: Notified event "kernel.exception" to listener "Symfony\Component\HttpKernel\EventListener\ProfilerListener::onKernelException". [] []
[2015-11-25 18:39:13] myapp.DEBUG: Notified event "kernel.exception" to listener "Silex\EventListener\LogListener::onKernelException". [] []
[2015-11-25 18:39:13] myapp.DEBUG: Notified event "kernel.exception" to listener "Silex\ExceptionHandler::onSilexError". [] []
[2015-11-25 18:39:13] myapp.DEBUG: Listener "Silex\ExceptionHandler::onSilexError" stopped propagation of the event "kernel.exception". [] []
[2015-11-25 18:39:13] myapp.INFO: < 404 [] []
[2015-11-25 18:39:13] myapp.DEBUG: Notified event "kernel.response" to listener "Silex\EventListener\MiddlewareListener::onKernelResponse". [] []
[2015-11-25 18:39:13] myapp.DEBUG: Notified event "kernel.response" to listener "Symfony\Component\HttpKernel\EventListener\ResponseListener::onKernelResponse". [] []
[2015-11-25 18:39:13] myapp.DEBUG: Notified event "kernel.response" to listener "Silex\EventListener\LogListener::onKernelResponse". [] []
[2015-11-25 18:39:13] myapp.DEBUG: Notified event "kernel.response" to listener "Symfony\Component\HttpKernel\EventListener\ProfilerListener::onKernelResponse". [] []
[2015-11-25 18:39:13] myapp.DEBUG: Notified event "kernel.response" to listener "Symfony\Bundle\WebProfilerBundle\EventListener\WebDebugToolbarListener::onKernelResponse". [] []
[2015-11-25 18:39:13] myapp.DEBUG: Notified event "kernel.finish_request" to listener "Symfony\Component\HttpKernel\EventListener\RouterListener::onKernelFinishRequest". [] []
[2015-11-25 18:39:13] myapp.DEBUG: Notified event "kernel.finish_request" to listener "Silex\EventListener\LocaleListener::onKernelFinishRequest". [] []
[2015-11-25 18:39:13] myapp.DEBUG: Notified event "kernel.terminate" to listener "Symfony\Component\HttpKernel\EventListener\ProfilerListener::onKernelTerminate". [] []
[2015-11-25 18:39:13] myapp.INFO: Matched route "_wdt". {"route_parameters":{"_controller":"web_profiler.controller.profiler:toolbarAction","token":"52e385","_route":"_wdt"},"request_uri":"http://localhost:4321/_profiler/wdt/52e385"} []
[2015-11-25 18:39:13] myapp.INFO: > GET /_profiler/wdt/52e385 [] []
[2015-11-25 18:39:13] myapp.DEBUG: Notified event "kernel.request" to listener "Symfony\Component\HttpKernel\EventListener\ProfilerListener::onKernelRequest". [] []
[2015-11-25 18:39:13] myapp.DEBUG: Notified event "kernel.request" to listener "Silex\Provider\SessionServiceProvider::onEarlyKernelRequest". [] []
[2015-11-25 18:39:13] myapp.DEBUG: Notified event "kernel.request" to listener "Symfony\Component\HttpKernel\EventListener\FragmentListener::onKernelRequest". [] []
[2015-11-25 18:39:13] myapp.DEBUG: Notified event "kernel.request" to listener "Symfony\Component\HttpKernel\EventListener\RouterListener::onKernelRequest". [] []
[2015-11-25 18:39:13] myapp.DEBUG: Notified event "kernel.request" to listener "Silex\EventListener\LocaleListener::onKernelRequest". [] []
[2015-11-25 18:39:13] myapp.DEBUG: Notified event "kernel.request" to listener "Silex\EventListener\LogListener::onKernelRequest". [] []
[2015-11-25 18:39:13] myapp.DEBUG: Notified event "kernel.request" to listener "Silex\EventListener\MiddlewareListener::onKernelRequest". [] []
[2015-11-25 18:39:13] myapp.DEBUG: Notified event "kernel.controller" to listener "Silex\EventListener\ConverterListener::onKernelController". [] []
[2015-11-25 18:39:13] myapp.DEBUG: Notified event "kernel.controller" to listener "Symfony\Component\HttpKernel\DataCollector\RequestDataCollector::onKernelController". [] []
[2015-11-25 18:39:13] myapp.INFO: < 200 [] []
[2015-11-25 18:39:13] myapp.DEBUG: Notified event "kernel.response" to listener "Silex\EventListener\MiddlewareListener::onKernelResponse". [] []
[2015-11-25 18:39:13] myapp.DEBUG: Notified event "kernel.response" to listener "Symfony\Component\HttpKernel\EventListener\ResponseListener::onKernelResponse". [] []
[2015-11-25 18:39:13] myapp.DEBUG: Notified event "kernel.response" to listener "Silex\EventListener\LogListener::onKernelResponse". [] []
[2015-11-25 18:39:13] myapp.DEBUG: Notified event "kernel.response" to listener "Symfony\Component\HttpKernel\EventListener\ProfilerListener::onKernelResponse". [] []
[2015-11-25 18:39:13] myapp.DEBUG: Notified event "kernel.response" to listener "Symfony\Bundle\WebProfilerBundle\EventListener\WebDebugToolbarListener::onKernelResponse". [] []
[2015-11-25 18:39:13] myapp.DEBUG: Notified event "kernel.finish_request" to listener "Symfony\Component\HttpKernel\EventListener\RouterListener::onKernelFinishRequest". [] []
[2015-11-25 18:39:13] myapp.DEBUG: Notified event "kernel.finish_request" to listener "Silex\EventListener\LocaleListener::onKernelFinishRequest". [] []
[2015-11-25 18:39:13] myapp.DEBUG: Notified event "kernel.terminate" to listener "Symfony\Component\HttpKernel\EventListener\ProfilerListener::onKernelTerminate". [] []
[2015-11-25 18:39:31] myapp.ERROR: Symfony\Component\HttpKernel\Exception\NotFoundHttpException: No route found for "GET /" (uncaught exception) at /home/jimmy/Documents/ProjectPHP/p2bj/p2bj/vendor/symfony/http-kernel/EventListener/RouterListener.php line 159 {"exception":"[object] (Symfony\\Component\\HttpKernel\\Exception\\NotFoundHttpException(code: 0): No route found for \"GET /\" at /home/jimmy/Documents/ProjectPHP/p2bj/p2bj/vendor/symfony/http-kernel/EventListener/RouterListener.php:159, Symfony\\Component\\Routing\\Exception\\ResourceNotFoundException(code: 0): No routes found for \"/\". at /home/jimmy/Documents/ProjectPHP/p2bj/p2bj/vendor/symfony/routing/Matcher/UrlMatcher.php:98)"} []
[2015-11-25 18:39:31] myapp.DEBUG: Notified event "kernel.exception" to listener "Symfony\Component\HttpKernel\EventListener\ProfilerListener::onKernelException". [] []
[2015-11-25 18:39:31] myapp.DEBUG: Notified event "kernel.exception" to listener "Silex\EventListener\LogListener::onKernelException". [] []
[2015-11-25 18:39:31] myapp.DEBUG: Notified event "kernel.exception" to listener "Silex\ExceptionHandler::onSilexError". [] []
[2015-11-25 18:39:31] myapp.DEBUG: Listener "Silex\ExceptionHandler::onSilexError" stopped propagation of the event "kernel.exception". [] []
[2015-11-25 18:39:31] myapp.INFO: < 404 [] []
[2015-11-25 18:39:31] myapp.DEBUG: Notified event "kernel.response" to listener "Silex\EventListener\MiddlewareListener::onKernelResponse". [] []
[2015-11-25 18:39:31] myapp.DEBUG: Notified event "kernel.response" to listener "Symfony\Component\HttpKernel\EventListener\ResponseListener::onKernelResponse". [] []
[2015-11-25 18:39:31] myapp.DEBUG: Notified event "kernel.response" to listener "Silex\EventListener\LogListener::onKernelResponse". [] []
[2015-11-25 18:39:31] myapp.DEBUG: Notified event "kernel.response" to listener "Symfony\Component\HttpKernel\EventListener\ProfilerListener::onKernelResponse". [] []
[2015-11-25 18:39:31] myapp.DEBUG: Notified event "kernel.response" to listener "Symfony\Bundle\WebProfilerBundle\EventListener\WebDebugToolbarListener::onKernelResponse". [] []
[2015-11-25 18:39:31] myapp.DEBUG: Notified event "kernel.finish_request" to listener "Symfony\Component\HttpKernel\EventListener\RouterListener::onKernelFinishRequest". [] []
[2015-11-25 18:39:31] myapp.DEBUG: Notified event "kernel.finish_request" to listener "Silex\EventListener\LocaleListener::onKernelFinishRequest". [] []
[2015-11-25 18:39:31] myapp.DEBUG: Notified event "kernel.terminate" to listener "Symfony\Component\HttpKernel\EventListener\ProfilerListener::onKernelTerminate". [] []
[2015-11-25 18:39:32] myapp.INFO: Matched route "_wdt". {"route_parameters":{"_controller":"web_profiler.controller.profiler:toolbarAction","token":"9b3595","_route":"_wdt"},"request_uri":"http://localhost:4321/_profiler/wdt/9b3595"} []
[2015-11-25 18:39:32] myapp.INFO: > GET /_profiler/wdt/9b3595 [] []
[2015-11-25 18:39:32] myapp.DEBUG: Notified event "kernel.request" to listener "Symfony\Component\HttpKernel\EventListener\ProfilerListener::onKernelRequest". [] []
[2015-11-25 18:39:32] myapp.DEBUG: Notified event "kernel.request" to listener "Silex\Provider\SessionServiceProvider::onEarlyKernelRequest". [] []
[2015-11-25 18:39:32] myapp.DEBUG: Notified event "kernel.request" to listener "Symfony\Component\HttpKernel\EventListener\FragmentListener::onKernelRequest". [] []
[2015-11-25 18:39:32] myapp.DEBUG: Notified event "kernel.request" to listener "Symfony\Component\HttpKernel\EventListener\RouterListener::onKernelRequest". [] []
[2015-11-25 18:39:32] myapp.DEBUG: Notified event "kernel.request" to listener "Silex\EventListener\LocaleListener::onKernelRequest". [] []
[2015-11-25 18:39:32] myapp.DEBUG: Notified event "kernel.request" to listener "Silex\EventListener\LogListener::onKernelRequest". [] []
[2015-11-25 18:39:32] myapp.DEBUG: Notified event "kernel.request" to listener "Silex\EventListener\MiddlewareListener::onKernelRequest". [] []
[2015-11-25 18:39:32] myapp.DEBUG: Notified event "kernel.controller" to listener "Silex\EventListener\ConverterListener::onKernelController". [] []
[2015-11-25 18:39:32] myapp.DEBUG: Notified event "kernel.controller" to listener "Symfony\Component\HttpKernel\DataCollector\RequestDataCollector::onKernelController". [] []
[2015-11-25 18:39:32] myapp.INFO: < 200 [] []
[2015-11-25 18:39:32] myapp.DEBUG: Notified event "kernel.response" to listener "Silex\EventListener\MiddlewareListener::onKernelResponse". [] []
[2015-11-25 18:39:32] myapp.DEBUG: Notified event "kernel.response" to listener "Symfony\Component\HttpKernel\EventListener\ResponseListener::onKernelResponse". [] []
[2015-11-25 18:39:32] myapp.DEBUG: Notified event "kernel.response" to listener "Silex\EventListener\LogListener::onKernelResponse". [] []
[2015-11-25 18:39:32] myapp.DEBUG: Notified event "kernel.response" to listener "Symfony\Component\HttpKernel\EventListener\ProfilerListener::onKernelResponse". [] []
[2015-11-25 18:39:32] myapp.DEBUG: Notified event "kernel.response" to listener "Symfony\Bundle\WebProfilerBundle\EventListener\WebDebugToolbarListener::onKernelResponse". [] []
[2015-11-25 18:39:32] myapp.DEBUG: Notified event "kernel.finish_request" to listener "Symfony\Component\HttpKernel\EventListener\RouterListener::onKernelFinishRequest". [] []
[2015-11-25 18:39:32] myapp.DEBUG: Notified event "kernel.finish_request" to listener "Silex\EventListener\LocaleListener::onKernelFinishRequest". [] []
[2015-11-25 18:39:32] myapp.DEBUG: Notified event "kernel.terminate" to listener "Symfony\Component\HttpKernel\EventListener\ProfilerListener::onKernelTerminate". [] []
[2015-11-25 18:39:52] myapp.ERROR: Symfony\Component\HttpKernel\Exception\NotFoundHttpException: No route found for "GET /" (uncaught exception) at /home/jimmy/Documents/ProjectPHP/p2bj/p2bj/vendor/symfony/http-kernel/EventListener/RouterListener.php line 159 {"exception":"[object] (Symfony\\Component\\HttpKernel\\Exception\\NotFoundHttpException(code: 0): No route found for \"GET /\" at /home/jimmy/Documents/ProjectPHP/p2bj/p2bj/vendor/symfony/http-kernel/EventListener/RouterListener.php:159, Symfony\\Component\\Routing\\Exception\\ResourceNotFoundException(code: 0): No routes found for \"/\". at /home/jimmy/Documents/ProjectPHP/p2bj/p2bj/vendor/symfony/routing/Matcher/UrlMatcher.php:98)"} []
[2015-11-25 18:39:52] myapp.DEBUG: Notified event "kernel.exception" to listener "Symfony\Component\HttpKernel\EventListener\ProfilerListener::onKernelException". [] []
[2015-11-25 18:39:52] myapp.DEBUG: Notified event "kernel.exception" to listener "Silex\EventListener\LogListener::onKernelException". [] []
[2015-11-25 18:39:52] myapp.DEBUG: Notified event "kernel.exception" to listener "Silex\ExceptionHandler::onSilexError". [] []
[2015-11-25 18:39:52] myapp.DEBUG: Listener "Silex\ExceptionHandler::onSilexError" stopped propagation of the event "kernel.exception". [] []
[2015-11-25 18:39:52] myapp.INFO: < 404 [] []
[2015-11-25 18:39:52] myapp.DEBUG: Notified event "kernel.response" to listener "Silex\EventListener\MiddlewareListener::onKernelResponse". [] []
[2015-11-25 18:39:52] myapp.DEBUG: Notified event "kernel.response" to listener "Symfony\Component\HttpKernel\EventListener\ResponseListener::onKernelResponse". [] []
[2015-11-25 18:39:52] myapp.DEBUG: Notified event "kernel.response" to listener "Silex\EventListener\LogListener::onKernelResponse". [] []
[2015-11-25 18:39:52] myapp.DEBUG: Notified event "kernel.response" to listener "Symfony\Component\HttpKernel\EventListener\ProfilerListener::onKernelResponse". [] []
[2015-11-25 18:39:52] myapp.DEBUG: Notified event "kernel.response" to listener "Symfony\Bundle\WebProfilerBundle\EventListener\WebDebugToolbarListener::onKernelResponse". [] []
[2015-11-25 18:39:52] myapp.DEBUG: Notified event "kernel.finish_request" to listener "Symfony\Component\HttpKernel\EventListener\RouterListener::onKernelFinishRequest". [] []
[2015-11-25 18:39:52] myapp.DEBUG: Notified event "kernel.finish_request" to listener "Silex\EventListener\LocaleListener::onKernelFinishRequest". [] []
[2015-11-25 18:39:52] myapp.DEBUG: Notified event "kernel.terminate" to listener "Symfony\Component\HttpKernel\EventListener\ProfilerListener::onKernelTerminate". [] []
[2015-11-25 18:39:52] myapp.INFO: Matched route "_wdt". {"route_parameters":{"_controller":"web_profiler.controller.profiler:toolbarAction","token":"b4099f","_route":"_wdt"},"request_uri":"http://localhost:4321/_profiler/wdt/b4099f"} []
[2015-11-25 18:39:52] myapp.INFO: > GET /_profiler/wdt/b4099f [] []
[2015-11-25 18:39:52] myapp.DEBUG: Notified event "kernel.request" to listener "Symfony\Component\HttpKernel\EventListener\ProfilerListener::onKernelRequest". [] []
[2015-11-25 18:39:52] myapp.DEBUG: Notified event "kernel.request" to listener "Silex\Provider\SessionServiceProvider::onEarlyKernelRequest". [] []
[2015-11-25 18:39:52] myapp.DEBUG: Notified event "kernel.request" to listener "Symfony\Component\HttpKernel\EventListener\FragmentListener::onKernelRequest". [] []
[2015-11-25 18:39:52] myapp.DEBUG: Notified event "kernel.request" to listener "Symfony\Component\HttpKernel\EventListener\RouterListener::onKernelRequest". [] []
[2015-11-25 18:39:52] myapp.DEBUG: Notified event "kernel.request" to listener "Silex\EventListener\LocaleListener::onKernelRequest". [] []
[2015-11-25 18:39:52] myapp.DEBUG: Notified event "kernel.request" to listener "Silex\EventListener\LogListener::onKernelRequest". [] []
[2015-11-25 18:39:52] myapp.DEBUG: Notified event "kernel.request" to listener "Silex\EventListener\MiddlewareListener::onKernelRequest". [] []
[2015-11-25 18:39:52] myapp.DEBUG: Notified event "kernel.controller" to listener "Silex\EventListener\ConverterListener::onKernelController". [] []
[2015-11-25 18:39:52] myapp.DEBUG: Notified event "kernel.controller" to listener "Symfony\Component\HttpKernel\DataCollector\RequestDataCollector::onKernelController". [] []
[2015-11-25 18:39:52] myapp.INFO: < 200 [] []
[2015-11-25 18:39:52] myapp.DEBUG: Notified event "kernel.response" to listener "Silex\EventListener\MiddlewareListener::onKernelResponse". [] []
[2015-11-25 18:39:52] myapp.DEBUG: Notified event "kernel.response" to listener "Symfony\Component\HttpKernel\EventListener\ResponseListener::onKernelResponse". [] []
[2015-11-25 18:39:52] myapp.DEBUG: Notified event "kernel.response" to listener "Silex\EventListener\LogListener::onKernelResponse". [] []
[2015-11-25 18:39:52] myapp.DEBUG: Notified event "kernel.response" to listener "Symfony\Component\HttpKernel\EventListener\ProfilerListener::onKernelResponse". [] []
[2015-11-25 18:39:52] myapp.DEBUG: Notified event "kernel.response" to listener "Symfony\Bundle\WebProfilerBundle\EventListener\WebDebugToolbarListener::onKernelResponse". [] []
[2015-11-25 18:39:52] myapp.DEBUG: Notified event "kernel.finish_request" to listener "Symfony\Component\HttpKernel\EventListener\RouterListener::onKernelFinishRequest". [] []
[2015-11-25 18:39:52] myapp.DEBUG: Notified event "kernel.finish_request" to listener "Silex\EventListener\LocaleListener::onKernelFinishRequest". [] []
[2015-11-25 18:39:52] myapp.DEBUG: Notified event "kernel.terminate" to listener "Symfony\Component\HttpKernel\EventListener\ProfilerListener::onKernelTerminate". [] []
[2015-11-25 18:40:13] myapp.INFO: Matched route "skpd". {"route_parameters":{"_controller":["[object] (Jowy\\P2bj\\Http\\Controller\\AppController: {})","skpdAction"],"_route":"skpd"},"request_uri":"http://localhost:4321/skpd"} []
[2015-11-25 18:40:13] myapp.INFO: > GET /skpd [] []
[2015-11-25 18:40:13] myapp.DEBUG: Notified event "kernel.request" to listener "Symfony\Component\HttpKernel\EventListener\ProfilerListener::onKernelRequest". [] []
[2015-11-25 18:40:13] myapp.DEBUG: Notified event "kernel.request" to listener "Silex\Provider\SessionServiceProvider::onEarlyKernelRequest". [] []
[2015-11-25 18:40:13] myapp.DEBUG: Notified event "kernel.request" to listener "Symfony\Component\HttpKernel\EventListener\FragmentListener::onKernelRequest". [] []
[2015-11-25 18:40:13] myapp.DEBUG: Notified event "kernel.request" to listener "Symfony\Component\HttpKernel\EventListener\RouterListener::onKernelRequest". [] []
[2015-11-25 18:40:13] myapp.DEBUG: Notified event "kernel.request" to listener "Silex\EventListener\LocaleListener::onKernelRequest". [] []
[2015-11-25 18:40:13] myapp.DEBUG: Notified event "kernel.request" to listener "Silex\EventListener\LogListener::onKernelRequest". [] []
[2015-11-25 18:40:13] myapp.DEBUG: Notified event "kernel.request" to listener "Silex\EventListener\MiddlewareListener::onKernelRequest". [] []
[2015-11-25 18:40:13] myapp.DEBUG: Listener "Silex\EventListener\MiddlewareListener::onKernelRequest" stopped propagation of the event "kernel.request". [] []
[2015-11-25 18:40:13] myapp.INFO: < 302 /login [] []
[2015-11-25 18:40:13] myapp.DEBUG: Notified event "kernel.response" to listener "Silex\EventListener\MiddlewareListener::onKernelResponse". [] []
[2015-11-25 18:40:13] myapp.DEBUG: Notified event "kernel.response" to listener "Symfony\Component\HttpKernel\EventListener\ResponseListener::onKernelResponse". [] []
[2015-11-25 18:40:13] myapp.DEBUG: Notified event "kernel.response" to listener "Silex\EventListener\LogListener::onKernelResponse". [] []
[2015-11-25 18:40:13] myapp.DEBUG: Notified event "kernel.response" to listener "Symfony\Component\HttpKernel\EventListener\ProfilerListener::onKernelResponse". [] []
[2015-11-25 18:40:13] myapp.DEBUG: Notified event "kernel.response" to listener "Symfony\Bundle\WebProfilerBundle\EventListener\WebDebugToolbarListener::onKernelResponse". [] []
[2015-11-25 18:40:13] myapp.DEBUG: Notified event "kernel.finish_request" to listener "Symfony\Component\HttpKernel\EventListener\RouterListener::onKernelFinishRequest". [] []
[2015-11-25 18:40:13] myapp.DEBUG: Notified event "kernel.finish_request" to listener "Silex\EventListener\LocaleListener::onKernelFinishRequest". [] []
[2015-11-25 18:40:13] myapp.DEBUG: Notified event "kernel.terminate" to listener "Symfony\Component\HttpKernel\EventListener\ProfilerListener::onKernelTerminate". [] []
[2015-11-25 18:40:14] myapp.INFO: Matched route "login". {"route_parameters":{"_controller":["[object] (Jowy\\P2bj\\Http\\Controller\\AppController: {})","loginAction"],"_route":"login"},"request_uri":"http://localhost:4321/login"} []
[2015-11-25 18:40:14] myapp.INFO: > GET /login [] []
[2015-11-25 18:40:14] myapp.DEBUG: Notified event "kernel.request" to listener "Symfony\Component\HttpKernel\EventListener\ProfilerListener::onKernelRequest". [] []
[2015-11-25 18:40:14] myapp.DEBUG: Notified event "kernel.request" to listener "Silex\Provider\SessionServiceProvider::onEarlyKernelRequest". [] []
[2015-11-25 18:40:14] myapp.DEBUG: Notified event "kernel.request" to listener "Symfony\Component\HttpKernel\EventListener\FragmentListener::onKernelRequest". [] []
[2015-11-25 18:40:14] myapp.DEBUG: Notified event "kernel.request" to listener "Symfony\Component\HttpKernel\EventListener\RouterListener::onKernelRequest". [] []
[2015-11-25 18:40:14] myapp.DEBUG: Notified event "kernel.request" to listener "Silex\EventListener\LocaleListener::onKernelRequest". [] []
[2015-11-25 18:40:14] myapp.DEBUG: Notified event "kernel.request" to listener "Silex\EventListener\LogListener::onKernelRequest". [] []
[2015-11-25 18:40:14] myapp.DEBUG: Notified event "kernel.request" to listener "Silex\EventListener\MiddlewareListener::onKernelRequest". [] []
[2015-11-25 18:40:14] myapp.DEBUG: Notified event "kernel.controller" to listener "Silex\EventListener\ConverterListener::onKernelController". [] []
[2015-11-25 18:40:14] myapp.DEBUG: Notified event "kernel.controller" to listener "Symfony\Component\HttpKernel\DataCollector\RequestDataCollector::onKernelController". [] []
[2015-11-25 18:40:14] myapp.DEBUG: Notified event "kernel.view" to listener "Silex\EventListener\StringToResponseListener::onKernelView". [] []
[2015-11-25 18:40:14] myapp.DEBUG: Listener "Silex\EventListener\StringToResponseListener::onKernelView" stopped propagation of the event "kernel.view". [] []
[2015-11-25 18:40:14] myapp.INFO: < 200 [] []
[2015-11-25 18:40:14] myapp.DEBUG: Notified event "kernel.response" to listener "Silex\EventListener\MiddlewareListener::onKernelResponse". [] []
[2015-11-25 18:40:14] myapp.DEBUG: Notified event "kernel.response" to listener "Symfony\Component\HttpKernel\EventListener\ResponseListener::onKernelResponse". [] []
[2015-11-25 18:40:14] myapp.DEBUG: Notified event "kernel.response" to listener "Silex\EventListener\LogListener::onKernelResponse". [] []
[2015-11-25 18:40:14] myapp.DEBUG: Notified event "kernel.response" to listener "Symfony\Component\HttpKernel\EventListener\ProfilerListener::onKernelResponse". [] []
[2015-11-25 18:40:14] myapp.DEBUG: Notified event "kernel.response" to listener "Symfony\Bundle\WebProfilerBundle\EventListener\WebDebugToolbarListener::onKernelResponse". [] []
[2015-11-25 18:40:14] myapp.DEBUG: Notified event "kernel.finish_request" to listener "Symfony\Component\HttpKernel\EventListener\RouterListener::onKernelFinishRequest". [] []
[2015-11-25 18:40:14] myapp.DEBUG: Notified event "kernel.finish_request" to listener "Silex\EventListener\LocaleListener::onKernelFinishRequest". [] []
[2015-11-25 18:40:14] myapp.DEBUG: Notified event "kernel.terminate" to listener "Symfony\Component\HttpKernel\EventListener\ProfilerListener::onKernelTerminate". [] []
[2015-11-25 18:40:14] myapp.INFO: Matched route "_wdt". {"route_parameters":{"_controller":"web_profiler.controller.profiler:toolbarAction","token":"80ca21","_route":"_wdt"},"request_uri":"http://localhost:4321/_profiler/wdt/80ca21"} []
[2015-11-25 18:40:14] myapp.INFO: > GET /_profiler/wdt/80ca21 [] []
[2015-11-25 18:40:14] myapp.DEBUG: Notified event "kernel.request" to listener "Symfony\Component\HttpKernel\EventListener\ProfilerListener::onKernelRequest". [] []
[2015-11-25 18:40:14] myapp.DEBUG: Notified event "kernel.request" to listener "Silex\Provider\SessionServiceProvider::onEarlyKernelRequest". [] []
[2015-11-25 18:40:14] myapp.DEBUG: Notified event "kernel.request" to listener "Symfony\Component\HttpKernel\EventListener\FragmentListener::onKernelRequest". [] []
[2015-11-25 18:40:14] myapp.DEBUG: Notified event "kernel.request" to listener "Symfony\Component\HttpKernel\EventListener\RouterListener::onKernelRequest". [] []
[2015-11-25 18:40:14] myapp.DEBUG: Notified event "kernel.request" to listener "Silex\EventListener\LocaleListener::onKernelRequest". [] []
[2015-11-25 18:40:14] myapp.DEBUG: Notified event "kernel.request" to listener "Silex\EventListener\LogListener::onKernelRequest". [] []
[2015-11-25 18:40:14] myapp.DEBUG: Notified event "kernel.request" to listener "Silex\EventListener\MiddlewareListener::onKernelRequest". [] []
[2015-11-25 18:40:14] myapp.DEBUG: Notified event "kernel.controller" to listener "Silex\EventListener\ConverterListener::onKernelController". [] []
[2015-11-25 18:40:14] myapp.DEBUG: Notified event "kernel.controller" to listener "Symfony\Component\HttpKernel\DataCollector\RequestDataCollector::onKernelController". [] []
[2015-11-25 18:40:14] myapp.INFO: < 200 [] []
[2015-11-25 18:40:14] myapp.DEBUG: Notified event "kernel.response" to listener "Silex\EventListener\MiddlewareListener::onKernelResponse". [] []
[2015-11-25 18:40:14] myapp.DEBUG: Notified event "kernel.response" to listener "Symfony\Component\HttpKernel\EventListener\ResponseListener::onKernelResponse". [] []
[2015-11-25 18:40:14] myapp.DEBUG: Notified event "kernel.response" to listener "Silex\EventListener\LogListener::onKernelResponse". [] []
[2015-11-25 18:40:14] myapp.DEBUG: Notified event "kernel.response" to listener "Symfony\Component\HttpKernel\EventListener\ProfilerListener::onKernelResponse". [] []
[2015-11-25 18:40:14] myapp.DEBUG: Notified event "kernel.response" to listener "Symfony\Bundle\WebProfilerBundle\EventListener\WebDebugToolbarListener::onKernelResponse". [] []
[2015-11-25 18:40:14] myapp.DEBUG: Notified event "kernel.finish_request" to listener "Symfony\Component\HttpKernel\EventListener\RouterListener::onKernelFinishRequest". [] []
[2015-11-25 18:40:14] myapp.DEBUG: Notified event "kernel.finish_request" to listener "Silex\EventListener\LocaleListener::onKernelFinishRequest". [] []
[2015-11-25 18:40:14] myapp.DEBUG: Notified event "kernel.terminate" to listener "Symfony\Component\HttpKernel\EventListener\ProfilerListener::onKernelTerminate". [] []
[2015-11-25 18:41:27] myapp.ERROR: Symfony\Component\HttpKernel\Exception\NotFoundHttpException: No route found for "GET /" (uncaught exception) at /home/jimmy/Documents/ProjectPHP/p2bj/p2bj/vendor/symfony/http-kernel/EventListener/RouterListener.php line 159 {"exception":"[object] (Symfony\\Component\\HttpKernel\\Exception\\NotFoundHttpException(code: 0): No route found for \"GET /\" at /home/jimmy/Documents/ProjectPHP/p2bj/p2bj/vendor/symfony/http-kernel/EventListener/RouterListener.php:159, Symfony\\Component\\Routing\\Exception\\ResourceNotFoundException(code: 0): No routes found for \"/\". at /home/jimmy/Documents/ProjectPHP/p2bj/p2bj/vendor/symfony/routing/Matcher/UrlMatcher.php:98)"} []
[2015-11-25 18:41:27] myapp.DEBUG: Notified event "kernel.exception" to listener "Symfony\Component\HttpKernel\EventListener\ProfilerListener::onKernelException". [] []
[2015-11-25 18:41:27] myapp.DEBUG: Notified event "kernel.exception" to listener "Silex\EventListener\LogListener::onKernelException". [] []
[2015-11-25 18:41:27] myapp.DEBUG: Notified event "kernel.exception" to listener "Silex\ExceptionHandler::onSilexError". [] []
[2015-11-25 18:41:27] myapp.DEBUG: Listener "Silex\ExceptionHandler::onSilexError" stopped propagation of the event "kernel.exception". [] []
[2015-11-25 18:41:27] myapp.INFO: < 404 [] []
[2015-11-25 18:41:27] myapp.DEBUG: Notified event "kernel.response" to listener "Silex\EventListener\MiddlewareListener::onKernelResponse". [] []
[2015-11-25 18:41:27] myapp.DEBUG: Notified event "kernel.response" to listener "Symfony\Component\HttpKernel\EventListener\ResponseListener::onKernelResponse". [] []
[2015-11-25 18:41:27] myapp.DEBUG: Notified event "kernel.response" to listener "Silex\EventListener\LogListener::onKernelResponse". [] []
[2015-11-25 18:41:27] myapp.DEBUG: Notified event "kernel.response" to listener "Symfony\Component\HttpKernel\EventListener\ProfilerListener::onKernelResponse". [] []
[2015-11-25 18:41:27] myapp.DEBUG: Notified event "kernel.response" to listener "Symfony\Bundle\WebProfilerBundle\EventListener\WebDebugToolbarListener::onKernelResponse". [] []
[2015-11-25 18:41:27] myapp.DEBUG: Notified event "kernel.finish_request" to listener "Symfony\Component\HttpKernel\EventListener\RouterListener::onKernelFinishRequest". [] []
[2015-11-25 18:41:27] myapp.DEBUG: Notified event "kernel.finish_request" to listener "Silex\EventListener\LocaleListener::onKernelFinishRequest". [] []
[2015-11-25 18:41:27] myapp.DEBUG: Notified event "kernel.terminate" to listener "Symfony\Component\HttpKernel\EventListener\ProfilerListener::onKernelTerminate". [] []
[2015-11-25 18:41:27] myapp.INFO: Matched route "_wdt". {"route_parameters":{"_controller":"web_profiler.controller.profiler:toolbarAction","token":"d88d64","_route":"_wdt"},"request_uri":"http://localhost:4321/_profiler/wdt/d88d64"} []
[2015-11-25 18:41:27] myapp.INFO: > GET /_profiler/wdt/d88d64 [] []
[2015-11-25 18:41:27] myapp.DEBUG: Notified event "kernel.request" to listener "Symfony\Component\HttpKernel\EventListener\ProfilerListener::onKernelRequest". [] []
[2015-11-25 18:41:27] myapp.DEBUG: Notified event "kernel.request" to listener "Silex\Provider\SessionServiceProvider::onEarlyKernelRequest". [] []
[2015-11-25 18:41:27] myapp.DEBUG: Notified event "kernel.request" to listener "Symfony\Component\HttpKernel\EventListener\FragmentListener::onKernelRequest". [] []
[2015-11-25 18:41:27] myapp.DEBUG: Notified event "kernel.request" to listener "Symfony\Component\HttpKernel\EventListener\RouterListener::onKernelRequest". [] []
[2015-11-25 18:41:27] myapp.DEBUG: Notified event "kernel.request" to listener "Silex\EventListener\LocaleListener::onKernelRequest". [] []
[2015-11-25 18:41:27] myapp.DEBUG: Notified event "kernel.request" to listener "Silex\EventListener\LogListener::onKernelRequest". [] []
[2015-11-25 18:41:27] myapp.DEBUG: Notified event "kernel.request" to listener "Silex\EventListener\MiddlewareListener::onKernelRequest". [] []
[2015-11-25 18:41:27] myapp.DEBUG: Notified event "kernel.controller" to listener "Silex\EventListener\ConverterListener::onKernelController". [] []
[2015-11-25 18:41:27] myapp.DEBUG: Notified event "kernel.controller" to listener "Symfony\Component\HttpKernel\DataCollector\RequestDataCollector::onKernelController". [] []
[2015-11-25 18:41:27] myapp.INFO: < 200 [] []
[2015-11-25 18:41:27] myapp.DEBUG: Notified event "kernel.response" to listener "Silex\EventListener\MiddlewareListener::onKernelResponse". [] []
[2015-11-25 18:41:27] myapp.DEBUG: Notified event "kernel.response" to listener "Symfony\Component\HttpKernel\EventListener\ResponseListener::onKernelResponse". [] []
[2015-11-25 18:41:27] myapp.DEBUG: Notified event "kernel.response" to listener "Silex\EventListener\LogListener::onKernelResponse". [] []
[2015-11-25 18:41:27] myapp.DEBUG: Notified event "kernel.response" to listener "Symfony\Component\HttpKernel\EventListener\ProfilerListener::onKernelResponse". [] []
[2015-11-25 18:41:27] myapp.DEBUG: Notified event "kernel.response" to listener "Symfony\Bundle\WebProfilerBundle\EventListener\WebDebugToolbarListener::onKernelResponse". [] []
[2015-11-25 18:41:27] myapp.DEBUG: Notified event "kernel.finish_request" to listener "Symfony\Component\HttpKernel\EventListener\RouterListener::onKernelFinishRequest". [] []
[2015-11-25 18:41:27] myapp.DEBUG: Notified event "kernel.finish_request" to listener "Silex\EventListener\LocaleListener::onKernelFinishRequest". [] []
[2015-11-25 18:41:27] myapp.DEBUG: Notified event "kernel.terminate" to listener "Symfony\Component\HttpKernel\EventListener\ProfilerListener::onKernelTerminate". [] []
[2015-11-25 18:44:41] myapp.INFO: Matched route "login". {"route_parameters":{"_controller":["[object] (Jowy\\P2bj\\Http\\Controller\\AppController: {})","loginAction"],"_route":"login"},"request_uri":"http://localhost:4321/login"} []
[2015-11-25 18:44:41] myapp.INFO: > GET /login [] []
[2015-11-25 18:44:41] myapp.DEBUG: Notified event "kernel.request" to listener "Symfony\Component\HttpKernel\EventListener\ProfilerListener::onKernelRequest". [] []
[2015-11-25 18:44:41] myapp.DEBUG: Notified event "kernel.request" to listener "Silex\Provider\SessionServiceProvider::onEarlyKernelRequest". [] []
[2015-11-25 18:44:41] myapp.DEBUG: Notified event "kernel.request" to listener "Symfony\Component\HttpKernel\EventListener\FragmentListener::onKernelRequest". [] []
[2015-11-25 18:44:41] myapp.DEBUG: Notified event "kernel.request" to listener "Symfony\Component\HttpKernel\EventListener\RouterListener::onKernelRequest". [] []
[2015-11-25 18:44:41] myapp.DEBUG: Notified event "kernel.request" to listener "Silex\EventListener\LocaleListener::onKernelRequest". [] []
[2015-11-25 18:44:41] myapp.DEBUG: Notified event "kernel.request" to listener "Silex\EventListener\LogListener::onKernelRequest". [] []
[2015-11-25 18:44:41] myapp.DEBUG: Notified event "kernel.request" to listener "Silex\EventListener\MiddlewareListener::onKernelRequest". [] []
[2015-11-25 18:44:41] myapp.DEBUG: Notified event "kernel.controller" to listener "Silex\EventListener\ConverterListener::onKernelController". [] []
[2015-11-25 18:44:41] myapp.DEBUG: Notified event "kernel.controller" to listener "Symfony\Component\HttpKernel\DataCollector\RequestDataCollector::onKernelController". [] []
[2015-11-25 18:44:41] myapp.DEBUG: Notified event "kernel.view" to listener "Silex\EventListener\StringToResponseListener::onKernelView". [] []
[2015-11-25 18:44:41] myapp.DEBUG: Listener "Silex\EventListener\StringToResponseListener::onKernelView" stopped propagation of the event "kernel.view". [] []
[2015-11-25 18:44:41] myapp.INFO: < 200 [] []
[2015-11-25 18:44:42] myapp.DEBUG: Notified event "kernel.response" to listener "Silex\EventListener\MiddlewareListener::onKernelResponse". [] []
[2015-11-25 18:44:42] myapp.DEBUG: Notified event "kernel.response" to listener "Symfony\Component\HttpKernel\EventListener\ResponseListener::onKernelResponse". [] []
[2015-11-25 18:44:42] myapp.DEBUG: Notified event "kernel.response" to listener "Silex\EventListener\LogListener::onKernelResponse". [] []
[2015-11-25 18:44:42] myapp.DEBUG: Notified event "kernel.response" to listener "Symfony\Component\HttpKernel\EventListener\ProfilerListener::onKernelResponse". [] []
[2015-11-25 18:44:42] myapp.DEBUG: Notified event "kernel.response" to listener "Symfony\Bundle\WebProfilerBundle\EventListener\WebDebugToolbarListener::onKernelResponse". [] []
[2015-11-25 18:44:42] myapp.DEBUG: Notified event "kernel.finish_request" to listener "Symfony\Component\HttpKernel\EventListener\RouterListener::onKernelFinishRequest". [] []
[2015-11-25 18:44:42] myapp.DEBUG: Notified event "kernel.finish_request" to listener "Silex\EventListener\LocaleListener::onKernelFinishRequest". [] []
[2015-11-25 18:44:42] myapp.DEBUG: Notified event "kernel.terminate" to listener "Symfony\Component\HttpKernel\EventListener\ProfilerListener::onKernelTerminate". [] []
[2015-11-25 18:44:42] myapp.INFO: Matched route "_wdt". {"route_parameters":{"_controller":"web_profiler.controller.profiler:toolbarAction","token":"442cdd","_route":"_wdt"},"request_uri":"http://localhost:4321/_profiler/wdt/442cdd"} []
[2015-11-25 18:44:42] myapp.INFO: > GET /_profiler/wdt/442cdd [] []
[2015-11-25 18:44:42] myapp.DEBUG: Notified event "kernel.request" to listener "Symfony\Component\HttpKernel\EventListener\ProfilerListener::onKernelRequest". [] []
[2015-11-25 18:44:42] myapp.DEBUG: Notified event "kernel.request" to listener "Silex\Provider\SessionServiceProvider::onEarlyKernelRequest". [] []
[2015-11-25 18:44:42] myapp.DEBUG: Notified event "kernel.request" to listener "Symfony\Component\HttpKernel\EventListener\FragmentListener::onKernelRequest". [] []
[2015-11-25 18:44:42] myapp.DEBUG: Notified event "kernel.request" to listener "Symfony\Component\HttpKernel\EventListener\RouterListener::onKernelRequest". [] []
[2015-11-25 18:44:42] myapp.DEBUG: Notified event "kernel.request" to listener "Silex\EventListener\LocaleListener::onKernelRequest". [] []
[2015-11-25 18:44:42] myapp.DEBUG: Notified event "kernel.request" to listener "Silex\EventListener\LogListener::onKernelRequest". [] []
[2015-11-25 18:44:42] myapp.DEBUG: Notified event "kernel.request" to listener "Silex\EventListener\MiddlewareListener::onKernelRequest". [] []
[2015-11-25 18:44:42] myapp.DEBUG: Notified event "kernel.controller" to listener "Silex\EventListener\ConverterListener::onKernelController". [] []
[2015-11-25 18:44:42] myapp.DEBUG: Notified event "kernel.controller" to listener "Symfony\Component\HttpKernel\DataCollector\RequestDataCollector::onKernelController". [] []
[2015-11-25 18:44:42] myapp.INFO: < 200 [] []
[2015-11-25 18:44:42] myapp.DEBUG: Notified event "kernel.response" to listener "Silex\EventListener\MiddlewareListener::onKernelResponse". [] []
[2015-11-25 18:44:42] myapp.DEBUG: Notified event "kernel.response" to listener "Symfony\Component\HttpKernel\EventListener\ResponseListener::onKernelResponse". [] []
[2015-11-25 18:44:42] myapp.DEBUG: Notified event "kernel.response" to listener "Silex\EventListener\LogListener::onKernelResponse". [] []
[2015-11-25 18:44:42] myapp.DEBUG: Notified event "kernel.response" to listener "Symfony\Component\HttpKernel\EventListener\ProfilerListener::onKernelResponse". [] []
[2015-11-25 18:44:42] myapp.DEBUG: Notified event "kernel.response" to listener "Symfony\Bundle\WebProfilerBundle\EventListener\WebDebugToolbarListener::onKernelResponse". [] []
[2015-11-25 18:44:42] myapp.DEBUG: Notified event "kernel.finish_request" to listener "Symfony\Component\HttpKernel\EventListener\RouterListener::onKernelFinishRequest". [] []
[2015-11-25 18:44:42] myapp.DEBUG: Notified event "kernel.finish_request" to listener "Silex\EventListener\LocaleListener::onKernelFinishRequest". [] []
[2015-11-25 18:44:42] myapp.DEBUG: Notified event "kernel.terminate" to listener "Symfony\Component\HttpKernel\EventListener\ProfilerListener::onKernelTerminate". [] []
[2015-11-25 18:47:44] myapp.INFO: Matched route "login". {"route_parameters":{"_controller":["[object] (Jowy\\P2bj\\Http\\Controller\\AppController: {})","loginAction"],"_route":"login"},"request_uri":"http://localhost:4321/login"} []
[2015-11-25 18:47:44] myapp.INFO: > POST /login [] []
[2015-11-25 18:47:44] myapp.DEBUG: Notified event "kernel.request" to listener "Symfony\Component\HttpKernel\EventListener\ProfilerListener::onKernelRequest". [] []
[2015-11-25 18:47:44] myapp.DEBUG: Notified event "kernel.request" to listener "Silex\Provider\SessionServiceProvider::onEarlyKernelRequest". [] []
[2015-11-25 18:47:44] myapp.DEBUG: Notified event "kernel.request" to listener "Symfony\Component\HttpKernel\EventListener\FragmentListener::onKernelRequest". [] []
[2015-11-25 18:47:44] myapp.DEBUG: Notified event "kernel.request" to listener "Symfony\Component\HttpKernel\EventListener\RouterListener::onKernelRequest". [] []
[2015-11-25 18:47:44] myapp.DEBUG: Notified event "kernel.request" to listener "Silex\EventListener\LocaleListener::onKernelRequest". [] []
[2015-11-25 18:47:44] myapp.DEBUG: Notified event "kernel.request" to listener "Silex\EventListener\LogListener::onKernelRequest". [] []
[2015-11-25 18:47:44] myapp.DEBUG: Notified event "kernel.request" to listener "Silex\EventListener\MiddlewareListener::onKernelRequest". [] []
[2015-11-25 18:47:44] myapp.DEBUG: Notified event "kernel.controller" to listener "Silex\EventListener\ConverterListener::onKernelController". [] []
[2015-11-25 18:47:44] myapp.DEBUG: Notified event "kernel.controller" to listener "Symfony\Component\HttpKernel\DataCollector\RequestDataCollector::onKernelController". [] []
[2015-11-25 18:47:45] myapp.DEBUG: Notified event "kernel.view" to listener "Silex\EventListener\StringToResponseListener::onKernelView". [] []
[2015-11-25 18:47:45] myapp.DEBUG: Listener "Silex\EventListener\StringToResponseListener::onKernelView" stopped propagation of the event "kernel.view". [] []
[2015-11-25 18:47:45] myapp.INFO: < 200 [] []
[2015-11-25 18:47:45] myapp.DEBUG: Notified event "kernel.response" to listener "Silex\EventListener\MiddlewareListener::onKernelResponse". [] []
[2015-11-25 18:47:45] myapp.DEBUG: Notified event "kernel.response" to listener "Symfony\Component\HttpKernel\EventListener\ResponseListener::onKernelResponse". [] []
[2015-11-25 18:47:45] myapp.DEBUG: Notified event "kernel.response" to listener "Silex\EventListener\LogListener::onKernelResponse". [] []
[2015-11-25 18:47:45] myapp.DEBUG: Notified event "kernel.response" to listener "Symfony\Component\HttpKernel\EventListener\ProfilerListener::onKernelResponse". [] []
[2015-11-25 18:47:45] myapp.DEBUG: Notified event "kernel.response" to listener "Symfony\Bundle\WebProfilerBundle\EventListener\WebDebugToolbarListener::onKernelResponse". [] []
[2015-11-25 18:47:45] myapp.DEBUG: Notified event "kernel.finish_request" to listener "Symfony\Component\HttpKernel\EventListener\RouterListener::onKernelFinishRequest". [] []
[2015-11-25 18:47:45] myapp.DEBUG: Notified event "kernel.finish_request" to listener "Silex\EventListener\LocaleListener::onKernelFinishRequest". [] []
[2015-11-25 18:47:45] myapp.DEBUG: Notified event "kernel.terminate" to listener "Symfony\Component\HttpKernel\EventListener\ProfilerListener::onKernelTerminate". [] []
[2015-11-25 18:47:45] myapp.INFO: Matched route "_wdt". {"route_parameters":{"_controller":"web_profiler.controller.profiler:toolbarAction","token":"8156b6","_route":"_wdt"},"request_uri":"http://localhost:4321/_profiler/wdt/8156b6"} []
[2015-11-25 18:47:45] myapp.INFO: > GET /_profiler/wdt/8156b6 [] []
[2015-11-25 18:47:45] myapp.DEBUG: Notified event "kernel.request" to listener "Symfony\Component\HttpKernel\EventListener\ProfilerListener::onKernelRequest". [] []
[2015-11-25 18:47:45] myapp.DEBUG: Notified event "kernel.request" to listener "Silex\Provider\SessionServiceProvider::onEarlyKernelRequest". [] []
[2015-11-25 18:47:45] myapp.DEBUG: Notified event "kernel.request" to listener "Symfony\Component\HttpKernel\EventListener\FragmentListener::onKernelRequest". [] []
[2015-11-25 18:47:45] myapp.DEBUG: Notified event "kernel.request" to listener "Symfony\Component\HttpKernel\EventListener\RouterListener::onKernelRequest". [] []
[2015-11-25 18:47:45] myapp.DEBUG: Notified event "kernel.request" to listener "Silex\EventListener\LocaleListener::onKernelRequest". [] []
[2015-11-25 18:47:45] myapp.DEBUG: Notified event "kernel.request" to listener "Silex\EventListener\LogListener::onKernelRequest". [] []
[2015-11-25 18:47:45] myapp.DEBUG: Notified event "kernel.request" to listener "Silex\EventListener\MiddlewareListener::onKernelRequest". [] []
[2015-11-25 18:47:45] myapp.DEBUG: Notified event "kernel.controller" to listener "Silex\EventListener\ConverterListener::onKernelController". [] []
[2015-11-25 18:47:45] myapp.DEBUG: Notified event "kernel.controller" to listener "Symfony\Component\HttpKernel\DataCollector\RequestDataCollector::onKernelController". [] []
[2015-11-25 18:47:45] myapp.INFO: < 200 [] []
[2015-11-25 18:47:45] myapp.DEBUG: Notified event "kernel.response" to listener "Silex\EventListener\MiddlewareListener::onKernelResponse". [] []
[2015-11-25 18:47:45] myapp.DEBUG: Notified event "kernel.response" to listener "Symfony\Component\HttpKernel\EventListener\ResponseListener::onKernelResponse". [] []
[2015-11-25 18:47:45] myapp.DEBUG: Notified event "kernel.response" to listener "Silex\EventListener\LogListener::onKernelResponse". [] []
[2015-11-25 18:47:45] myapp.DEBUG: Notified event "kernel.response" to listener "Symfony\Component\HttpKernel\EventListener\ProfilerListener::onKernelResponse". [] []
[2015-11-25 18:47:45] myapp.DEBUG: Notified event "kernel.response" to listener "Symfony\Bundle\WebProfilerBundle\EventListener\WebDebugToolbarListener::onKernelResponse". [] []
[2015-11-25 18:47:45] myapp.DEBUG: Notified event "kernel.finish_request" to listener "Symfony\Component\HttpKernel\EventListener\RouterListener::onKernelFinishRequest". [] []
[2015-11-25 18:47:45] myapp.DEBUG: Notified event "kernel.finish_request" to listener "Silex\EventListener\LocaleListener::onKernelFinishRequest". [] []
[2015-11-25 18:47:45] myapp.DEBUG: Notified event "kernel.terminate" to listener "Symfony\Component\HttpKernel\EventListener\ProfilerListener::onKernelTerminate". [] []
[2015-11-25 18:47:50] myapp.INFO: Matched route "login". {"route_parameters":{"_controller":["[object] (Jowy\\P2bj\\Http\\Controller\\AppController: {})","loginAction"],"_route":"login"},"request_uri":"http://localhost:4321/login"} []
[2015-11-25 18:47:50] myapp.INFO: > POST /login [] []
[2015-11-25 18:47:50] myapp.DEBUG: Notified event "kernel.request" to listener "Symfony\Component\HttpKernel\EventListener\ProfilerListener::onKernelRequest". [] []
[2015-11-25 18:47:50] myapp.DEBUG: Notified event "kernel.request" to listener "Silex\Provider\SessionServiceProvider::onEarlyKernelRequest". [] []
[2015-11-25 18:47:50] myapp.DEBUG: Notified event "kernel.request" to listener "Symfony\Component\HttpKernel\EventListener\FragmentListener::onKernelRequest". [] []
[2015-11-25 18:47:50] myapp.DEBUG: Notified event "kernel.request" to listener "Symfony\Component\HttpKernel\EventListener\RouterListener::onKernelRequest". [] []
[2015-11-25 18:47:50] myapp.DEBUG: Notified event "kernel.request" to listener "Silex\EventListener\LocaleListener::onKernelRequest". [] []
[2015-11-25 18:47:50] myapp.DEBUG: Notified event "kernel.request" to listener "Silex\EventListener\LogListener::onKernelRequest". [] []
[2015-11-25 18:47:50] myapp.DEBUG: Notified event "kernel.request" to listener "Silex\EventListener\MiddlewareListener::onKernelRequest". [] []
[2015-11-25 18:47:50] myapp.DEBUG: Notified event "kernel.controller" to listener "Silex\EventListener\ConverterListener::onKernelController". [] []
[2015-11-25 18:47:50] myapp.DEBUG: Notified event "kernel.controller" to listener "Symfony\Component\HttpKernel\DataCollector\RequestDataCollector::onKernelController". [] []
[2015-11-25 18:47:50] myapp.DEBUG: Notified event "kernel.view" to listener "Silex\EventListener\StringToResponseListener::onKernelView". [] []
[2015-11-25 18:47:50] myapp.DEBUG: Listener "Silex\EventListener\StringToResponseListener::onKernelView" stopped propagation of the event "kernel.view". [] []
[2015-11-25 18:47:50] myapp.INFO: < 200 [] []
[2015-11-25 18:47:50] myapp.DEBUG: Notified event "kernel.response" to listener "Silex\EventListener\MiddlewareListener::onKernelResponse". [] []
[2015-11-25 18:47:50] myapp.DEBUG: Notified event "kernel.response" to listener "Symfony\Component\HttpKernel\EventListener\ResponseListener::onKernelResponse". [] []
[2015-11-25 18:47:50] myapp.DEBUG: Notified event "kernel.response" to listener "Silex\EventListener\LogListener::onKernelResponse". [] []
[2015-11-25 18:47:50] myapp.DEBUG: Notified event "kernel.response" to listener "Symfony\Component\HttpKernel\EventListener\ProfilerListener::onKernelResponse". [] []
[2015-11-25 18:47:50] myapp.DEBUG: Notified event "kernel.response" to listener "Symfony\Bundle\WebProfilerBundle\EventListener\WebDebugToolbarListener::onKernelResponse". [] []
[2015-11-25 18:47:50] myapp.DEBUG: Notified event "kernel.finish_request" to listener "Symfony\Component\HttpKernel\EventListener\RouterListener::onKernelFinishRequest". [] []
[2015-11-25 18:47:50] myapp.DEBUG: Notified event "kernel.finish_request" to listener "Silex\EventListener\LocaleListener::onKernelFinishRequest". [] []
[2015-11-25 18:47:50] myapp.DEBUG: Notified event "kernel.terminate" to listener "Symfony\Component\HttpKernel\EventListener\ProfilerListener::onKernelTerminate". [] []
[2015-11-25 18:47:51] myapp.INFO: Matched route "_wdt". {"route_parameters":{"_controller":"web_profiler.controller.profiler:toolbarAction","token":"94cf86","_route":"_wdt"},"request_uri":"http://localhost:4321/_profiler/wdt/94cf86"} []
[2015-11-25 18:47:51] myapp.INFO: > GET /_profiler/wdt/94cf86 [] []
[2015-11-25 18:47:51] myapp.DEBUG: Notified event "kernel.request" to listener "Symfony\Component\HttpKernel\EventListener\ProfilerListener::onKernelRequest". [] []
[2015-11-25 18:47:51] myapp.DEBUG: Notified event "kernel.request" to listener "Silex\Provider\SessionServiceProvider::onEarlyKernelRequest". [] []
[2015-11-25 18:47:51] myapp.DEBUG: Notified event "kernel.request" to listener "Symfony\Component\HttpKernel\EventListener\FragmentListener::onKernelRequest". [] []
[2015-11-25 18:47:51] myapp.DEBUG: Notified event "kernel.request" to listener "Symfony\Component\HttpKernel\EventListener\RouterListener::onKernelRequest". [] []
[2015-11-25 18:47:51] myapp.DEBUG: Notified event "kernel.request" to listener "Silex\EventListener\LocaleListener::onKernelRequest". [] []
[2015-11-25 18:47:51] myapp.DEBUG: Notified event "kernel.request" to listener "Silex\EventListener\LogListener::onKernelRequest". [] []
[2015-11-25 18:47:51] myapp.DEBUG: Notified event "kernel.request" to listener "Silex\EventListener\MiddlewareListener::onKernelRequest". [] []
[2015-11-25 18:47:51] myapp.DEBUG: Notified event "kernel.controller" to listener "Silex\EventListener\ConverterListener::onKernelController". [] []
[2015-11-25 18:47:51] myapp.DEBUG: Notified event "kernel.controller" to listener "Symfony\Component\HttpKernel\DataCollector\RequestDataCollector::onKernelController". [] []
[2015-11-25 18:47:51] myapp.INFO: < 200 [] []
[2015-11-25 18:47:51] myapp.DEBUG: Notified event "kernel.response" to listener "Silex\EventListener\MiddlewareListener::onKernelResponse". [] []
[2015-11-25 18:47:51] myapp.DEBUG: Notified event "kernel.response" to listener "Symfony\Component\HttpKernel\EventListener\ResponseListener::onKernelResponse". [] []
[2015-11-25 18:47:51] myapp.DEBUG: Notified event "kernel.response" to listener "Silex\EventListener\LogListener::onKernelResponse". [] []
[2015-11-25 18:47:51] myapp.DEBUG: Notified event "kernel.response" to listener "Symfony\Component\HttpKernel\EventListener\ProfilerListener::onKernelResponse". [] []
[2015-11-25 18:47:51] myapp.DEBUG: Notified event "kernel.response" to listener "Symfony\Bundle\WebProfilerBundle\EventListener\WebDebugToolbarListener::onKernelResponse". [] []
[2015-11-25 18:47:51] myapp.DEBUG: Notified event "kernel.finish_request" to listener "Symfony\Component\HttpKernel\EventListener\RouterListener::onKernelFinishRequest". [] []
[2015-11-25 18:47:51] myapp.DEBUG: Notified event "kernel.finish_request" to listener "Silex\EventListener\LocaleListener::onKernelFinishRequest". [] []
[2015-11-25 18:47:51] myapp.DEBUG: Notified event "kernel.terminate" to listener "Symfony\Component\HttpKernel\EventListener\ProfilerListener::onKernelTerminate". [] []
[2015-11-25 18:47:57] myapp.INFO: Matched route "login". {"route_parameters":{"_controller":["[object] (Jowy\\P2bj\\Http\\Controller\\AppController: {})","loginAction"],"_route":"login"},"request_uri":"http://localhost:4321/login"} []
[2015-11-25 18:47:57] myapp.INFO: > POST /login [] []
[2015-11-25 18:47:57] myapp.DEBUG: Notified event "kernel.request" to listener "Symfony\Component\HttpKernel\EventListener\ProfilerListener::onKernelRequest". [] []
[2015-11-25 18:47:57] myapp.DEBUG: Notified event "kernel.request" to listener "Silex\Provider\SessionServiceProvider::onEarlyKernelRequest". [] []
[2015-11-25 18:47:57] myapp.DEBUG: Notified event "kernel.request" to listener "Symfony\Component\HttpKernel\EventListener\FragmentListener::onKernelRequest". [] []
[2015-11-25 18:47:57] myapp.DEBUG: Notified event "kernel.request" to listener "Symfony\Component\HttpKernel\EventListener\RouterListener::onKernelRequest". [] []
[2015-11-25 18:47:57] myapp.DEBUG: Notified event "kernel.request" to listener "Silex\EventListener\LocaleListener::onKernelRequest". [] []
[2015-11-25 18:47:57] myapp.DEBUG: Notified event "kernel.request" to listener "Silex\EventListener\LogListener::onKernelRequest". [] []
[2015-11-25 18:47:57] myapp.DEBUG: Notified event "kernel.request" to listener "Silex\EventListener\MiddlewareListener::onKernelRequest". [] []
[2015-11-25 18:47:57] myapp.DEBUG: Notified event "kernel.controller" to listener "Silex\EventListener\ConverterListener::onKernelController". [] []
[2015-11-25 18:47:57] myapp.DEBUG: Notified event "kernel.controller" to listener "Symfony\Component\HttpKernel\DataCollector\RequestDataCollector::onKernelController". [] []
[2015-11-25 18:47:57] myapp.DEBUG: Notified event "kernel.view" to listener "Silex\EventListener\StringToResponseListener::onKernelView". [] []
[2015-11-25 18:47:57] myapp.DEBUG: Listener "Silex\EventListener\StringToResponseListener::onKernelView" stopped propagation of the event "kernel.view". [] []
[2015-11-25 18:47:57] myapp.INFO: < 200 [] []
[2015-11-25 18:47:57] myapp.DEBUG: Notified event "kernel.response" to listener "Silex\EventListener\MiddlewareListener::onKernelResponse". [] []
[2015-11-25 18:47:57] myapp.DEBUG: Notified event "kernel.response" to listener "Symfony\Component\HttpKernel\EventListener\ResponseListener::onKernelResponse". [] []
[2015-11-25 18:47:57] myapp.DEBUG: Notified event "kernel.response" to listener "Silex\EventListener\LogListener::onKernelResponse". [] []
[2015-11-25 18:47:57] myapp.DEBUG: Notified event "kernel.response" to listener "Symfony\Component\HttpKernel\EventListener\ProfilerListener::onKernelResponse". [] []
[2015-11-25 18:47:57] myapp.DEBUG: Notified event "kernel.response" to listener "Symfony\Bundle\WebProfilerBundle\EventListener\WebDebugToolbarListener::onKernelResponse". [] []
[2015-11-25 18:47:57] myapp.DEBUG: Notified event "kernel.finish_request" to listener "Symfony\Component\HttpKernel\EventListener\RouterListener::onKernelFinishRequest". [] []
[2015-11-25 18:47:57] myapp.DEBUG: Notified event "kernel.finish_request" to listener "Silex\EventListener\LocaleListener::onKernelFinishRequest". [] []
[2015-11-25 18:47:57] myapp.DEBUG: Notified event "kernel.terminate" to listener "Symfony\Component\HttpKernel\EventListener\ProfilerListener::onKernelTerminate". [] []
[2015-11-25 18:47:57] myapp.INFO: Matched route "_wdt". {"route_parameters":{"_controller":"web_profiler.controller.profiler:toolbarAction","token":"28be0d","_route":"_wdt"},"request_uri":"http://localhost:4321/_profiler/wdt/28be0d"} []
[2015-11-25 18:47:57] myapp.INFO: > GET /_profiler/wdt/28be0d [] []
[2015-11-25 18:47:57] myapp.DEBUG: Notified event "kernel.request" to listener "Symfony\Component\HttpKernel\EventListener\ProfilerListener::onKernelRequest". [] []
[2015-11-25 18:47:57] myapp.DEBUG: Notified event "kernel.request" to listener "Silex\Provider\SessionServiceProvider::onEarlyKernelRequest". [] []
[2015-11-25 18:47:57] myapp.DEBUG: Notified event "kernel.request" to listener "Symfony\Component\HttpKernel\EventListener\FragmentListener::onKernelRequest". [] []
[2015-11-25 18:47:57] myapp.DEBUG: Notified event "kernel.request" to listener "Symfony\Component\HttpKernel\EventListener\RouterListener::onKernelRequest". [] []
[2015-11-25 18:47:57] myapp.DEBUG: Notified event "kernel.request" to listener "Silex\EventListener\LocaleListener::onKernelRequest". [] []
[2015-11-25 18:47:57] myapp.DEBUG: Notified event "kernel.request" to listener "Silex\EventListener\LogListener::onKernelRequest". [] []
[2015-11-25 18:47:57] myapp.DEBUG: Notified event "kernel.request" to listener "Silex\EventListener\MiddlewareListener::onKernelRequest". [] []
[2015-11-25 18:47:57] myapp.DEBUG: Notified event "kernel.controller" to listener "Silex\EventListener\ConverterListener::onKernelController". [] []
[2015-11-25 18:47:57] myapp.DEBUG: Notified event "kernel.controller" to listener "Symfony\Component\HttpKernel\DataCollector\RequestDataCollector::onKernelController". [] []
[2015-11-25 18:47:57] myapp.INFO: < 200 [] []
[2015-11-25 18:47:57] myapp.DEBUG: Notified event "kernel.response" to listener "Silex\EventListener\MiddlewareListener::onKernelResponse". [] []
[2015-11-25 18:47:57] myapp.DEBUG: Notified event "kernel.response" to listener "Symfony\Component\HttpKernel\EventListener\ResponseListener::onKernelResponse". [] []
[2015-11-25 18:47:57] myapp.DEBUG: Notified event "kernel.response" to listener "Silex\EventListener\LogListener::onKernelResponse". [] []
[2015-11-25 18:47:57] myapp.DEBUG: Notified event "kernel.response" to listener "Symfony\Component\HttpKernel\EventListener\ProfilerListener::onKernelResponse". [] []
[2015-11-25 18:47:57] myapp.DEBUG: Notified event "kernel.response" to listener "Symfony\Bundle\WebProfilerBundle\EventListener\WebDebugToolbarListener::onKernelResponse". [] []
[2015-11-25 18:47:57] myapp.DEBUG: Notified event "kernel.finish_request" to listener "Symfony\Component\HttpKernel\EventListener\RouterListener::onKernelFinishRequest". [] []
[2015-11-25 18:47:57] myapp.DEBUG: Notified event "kernel.finish_request" to listener "Silex\EventListener\LocaleListener::onKernelFinishRequest". [] []
[2015-11-25 18:47:57] myapp.DEBUG: Notified event "kernel.terminate" to listener "Symfony\Component\HttpKernel\EventListener\ProfilerListener::onKernelTerminate". [] []
[2015-11-25 18:48:02] myapp.INFO: Matched route "login". {"route_parameters":{"_controller":["[object] (Jowy\\P2bj\\Http\\Controller\\AppController: {})","loginAction"],"_route":"login"},"request_uri":"http://localhost:4321/login"} []
[2015-11-25 18:48:02] myapp.INFO: > POST /login [] []
[2015-11-25 18:48:02] myapp.DEBUG: Notified event "kernel.request" to listener "Symfony\Component\HttpKernel\EventListener\ProfilerListener::onKernelRequest". [] []
[2015-11-25 18:48:02] myapp.DEBUG: Notified event "kernel.request" to listener "Silex\Provider\SessionServiceProvider::onEarlyKernelRequest". [] []
[2015-11-25 18:48:02] myapp.DEBUG: Notified event "kernel.request" to listener "Symfony\Component\HttpKernel\EventListener\FragmentListener::onKernelRequest". [] []
[2015-11-25 18:48:02] myapp.DEBUG: Notified event "kernel.request" to listener "Symfony\Component\HttpKernel\EventListener\RouterListener::onKernelRequest". [] []
[2015-11-25 18:48:02] myapp.DEBUG: Notified event "kernel.request" to listener "Silex\EventListener\LocaleListener::onKernelRequest". [] []
[2015-11-25 18:48:02] myapp.DEBUG: Notified event "kernel.request" to listener "Silex\EventListener\LogListener::onKernelRequest". [] []
[2015-11-25 18:48:02] myapp.DEBUG: Notified event "kernel.request" to listener "Silex\EventListener\MiddlewareListener::onKernelRequest". [] []
[2015-11-25 18:48:02] myapp.DEBUG: Notified event "kernel.controller" to listener "Silex\EventListener\ConverterListener::onKernelController". [] []
[2015-11-25 18:48:02] myapp.DEBUG: Notified event "kernel.controller" to listener "Symfony\Component\HttpKernel\DataCollector\RequestDataCollector::onKernelController". [] []
[2015-11-25 18:48:02] myapp.DEBUG: Notified event "kernel.view" to listener "Silex\EventListener\StringToResponseListener::onKernelView". [] []
[2015-11-25 18:48:02] myapp.DEBUG: Listener "Silex\EventListener\StringToResponseListener::onKernelView" stopped propagation of the event "kernel.view". [] []
[2015-11-25 18:48:02] myapp.INFO: < 200 [] []
[2015-11-25 18:48:02] myapp.DEBUG: Notified event "kernel.response" to listener "Silex\EventListener\MiddlewareListener::onKernelResponse". [] []
[2015-11-25 18:48:02] myapp.DEBUG: Notified event "kernel.response" to listener "Symfony\Component\HttpKernel\EventListener\ResponseListener::onKernelResponse". [] []
[2015-11-25 18:48:02] myapp.DEBUG: Notified event "kernel.response" to listener "Silex\EventListener\LogListener::onKernelResponse". [] []
[2015-11-25 18:48:02] myapp.DEBUG: Notified event "kernel.response" to listener "Symfony\Component\HttpKernel\EventListener\ProfilerListener::onKernelResponse". [] []
[2015-11-25 18:48:02] myapp.DEBUG: Notified event "kernel.response" to listener "Symfony\Bundle\WebProfilerBundle\EventListener\WebDebugToolbarListener::onKernelResponse". [] []
[2015-11-25 18:48:02] myapp.DEBUG: Notified event "kernel.finish_request" to listener "Symfony\Component\HttpKernel\EventListener\RouterListener::onKernelFinishRequest". [] []
[2015-11-25 18:48:02] myapp.DEBUG: Notified event "kernel.finish_request" to listener "Silex\EventListener\LocaleListener::onKernelFinishRequest". [] []
[2015-11-25 18:48:02] myapp.DEBUG: Notified event "kernel.terminate" to listener "Symfony\Component\HttpKernel\EventListener\ProfilerListener::onKernelTerminate". [] []
[2015-11-25 18:48:02] myapp.INFO: Matched route "_wdt". {"route_parameters":{"_controller":"web_profiler.controller.profiler:toolbarAction","token":"53b7cf","_route":"_wdt"},"request_uri":"http://localhost:4321/_profiler/wdt/53b7cf"} []
[2015-11-25 18:48:02] myapp.INFO: > GET /_profiler/wdt/53b7cf [] []
[2015-11-25 18:48:02] myapp.DEBUG: Notified event "kernel.request" to listener "Symfony\Component\HttpKernel\EventListener\ProfilerListener::onKernelRequest". [] []
[2015-11-25 18:48:02] myapp.DEBUG: Notified event "kernel.request" to listener "Silex\Provider\SessionServiceProvider::onEarlyKernelRequest". [] []
[2015-11-25 18:48:02] myapp.DEBUG: Notified event "kernel.request" to listener "Symfony\Component\HttpKernel\EventListener\FragmentListener::onKernelRequest". [] []
[2015-11-25 18:48:02] myapp.DEBUG: Notified event "kernel.request" to listener "Symfony\Component\HttpKernel\EventListener\RouterListener::onKernelRequest". [] []
[2015-11-25 18:48:02] myapp.DEBUG: Notified event "kernel.request" to listener "Silex\EventListener\LocaleListener::onKernelRequest". [] []
[2015-11-25 18:48:02] myapp.DEBUG: Notified event "kernel.request" to listener "Silex\EventListener\LogListener::onKernelRequest". [] []
[2015-11-25 18:48:02] myapp.DEBUG: Notified event "kernel.request" to listener "Silex\EventListener\MiddlewareListener::onKernelRequest". [] []
[2015-11-25 18:48:02] myapp.DEBUG: Notified event "kernel.controller" to listener "Silex\EventListener\ConverterListener::onKernelController". [] []
[2015-11-25 18:48:02] myapp.DEBUG: Notified event "kernel.controller" to listener "Symfony\Component\HttpKernel\DataCollector\RequestDataCollector::onKernelController". [] []
[2015-11-25 18:48:02] myapp.INFO: < 200 [] []
[2015-11-25 18:48:02] myapp.DEBUG: Notified event "kernel.response" to listener "Silex\EventListener\MiddlewareListener::onKernelResponse". [] []
[2015-11-25 18:48:02] myapp.DEBUG: Notified event "kernel.response" to listener "Symfony\Component\HttpKernel\EventListener\ResponseListener::onKernelResponse". [] []
[2015-11-25 18:48:02] myapp.DEBUG: Notified event "kernel.response" to listener "Silex\EventListener\LogListener::onKernelResponse". [] []
[2015-11-25 18:48:02] myapp.DEBUG: Notified event "kernel.response" to listener "Symfony\Component\HttpKernel\EventListener\ProfilerListener::onKernelResponse". [] []
[2015-11-25 18:48:02] myapp.DEBUG: Notified event "kernel.response" to listener "Symfony\Bundle\WebProfilerBundle\EventListener\WebDebugToolbarListener::onKernelResponse". [] []
[2015-11-25 18:48:02] myapp.DEBUG: Notified event "kernel.finish_request" to listener "Symfony\Component\HttpKernel\EventListener\RouterListener::onKernelFinishRequest". [] []
[2015-11-25 18:48:02] myapp.DEBUG: Notified event "kernel.finish_request" to listener "Silex\EventListener\LocaleListener::onKernelFinishRequest". [] []
[2015-11-25 18:48:02] myapp.DEBUG: Notified event "kernel.terminate" to listener "Symfony\Component\HttpKernel\EventListener\ProfilerListener::onKernelTerminate". [] []
